<?xml version="1.0" encoding="UTF-8"?>
<testng-results ignored="0" total="3" passed="3" failed="0" skipped="0">
  <reporter-output>
  </reporter-output>
  <suite started-at="2024-04-30T21:20:02 IST" name="Default suite" finished-at="2024-04-30T21:20:04 IST" duration-ms="1975">
    <groups>
    </groups>
    <test started-at="2024-04-30T21:20:02 IST" name="Default test" finished-at="2024-04-30T21:20:04 IST" duration-ms="1975">
      <class name="com.selenium.youTubeLoginByDB">
        <test-method signature="validateLogin(java.lang.String,java.lang.String)[pri:0, instance:com.selenium.youTubeLoginByDB@52af26ee]" started-at="2024-04-30T21:20:04 IST" name="validateLogin" data-provider="DP" finished-at="2024-04-30T21:20:04 IST" duration-ms="9" status="PASS">
          <params>
            <param index="0">
              <value>
                <![CDATA[Anand24]]>
              </value>
            </param>
            <param index="1">
              <value>
                <![CDATA[Sony2]]>
              </value>
            </param>
          </params>
          <reporter-output>
          </reporter-output>
        </test-method> <!-- validateLogin -->
        <test-method signature="validateLogin(java.lang.String,java.lang.String)[pri:0, instance:com.selenium.youTubeLoginByDB@52af26ee]" started-at="2024-04-30T21:20:04 IST" name="validateLogin" data-provider="DP" finished-at="2024-04-30T21:20:04 IST" duration-ms="2" status="PASS">
          <params>
            <param index="0">
              <value>
                <![CDATA[Aruna27]]>
              </value>
            </param>
            <param index="1">
              <value>
                <![CDATA[Anand08]]>
              </value>
            </param>
          </params>
          <reporter-output>
          </reporter-output>
        </test-method> <!-- validateLogin -->
        <test-method signature="validateLogin(java.lang.String,java.lang.String)[pri:0, instance:com.selenium.youTubeLoginByDB@52af26ee]" started-at="2024-04-30T21:20:04 IST" name="validateLogin" data-provider="DP" finished-at="2024-04-30T21:20:04 IST" duration-ms="5" status="PASS">
          <params>
            <param index="0">
              <value>
                <![CDATA[Sony17]]>
              </value>
            </param>
            <param index="1">
              <value>
                <![CDATA[Anand24]]>
              </value>
            </param>
          </params>
          <reporter-output>
          </reporter-output>
        </test-method> <!-- validateLogin -->
      </class> <!-- com.selenium.youTubeLoginByDB -->
    </test> <!-- Default test -->
  </suite> <!-- Default suite -->
</testng-results>
