<?xml version="1.0" encoding="UTF-8"?>
<!-- Generated by org.testng.reporters.JUnitXMLReporter -->
<testsuite ignored="0" hostname="Anands-MacBook-Pro.local" failures="0" tests="3" name="Default test" time="1.975" errors="0" timestamp="2024-04-30T21:20:04 IST">
  <testcase classname="com.selenium.youTubeLoginByDB" name="validateLogin" time="0.009"/>
  <testcase classname="com.selenium.youTubeLoginByDB" name="validateLogin" time="0.002"/>
  <testcase classname="com.selenium.youTubeLoginByDB" name="validateLogin" time="0.005"/>
</testsuite> <!-- Default test -->
